warning: function /usr/share/octave/packages/nan-3.6.1/center.m shadows a core library function
warning: called from
    load_packages_and_dependencies at line 56 column 5
    load_packages at line 53 column 3
    pkg at line 588 column 7
    mlp_comite_sem_pca at line 17 column 1

warning: function /usr/share/octave/packages/nan-3.6.1/kurtosis.m shadows a core library function
warning: called from
    load_packages_and_dependencies at line 56 column 5
    load_packages at line 53 column 3
    pkg at line 588 column 7
    mlp_comite_sem_pca at line 17 column 1

warning: function /usr/share/octave/packages/nan-3.6.1/meansq.m shadows a core library function
warning: called from
    load_packages_and_dependencies at line 56 column 5
    load_packages at line 53 column 3
    pkg at line 588 column 7
    mlp_comite_sem_pca at line 17 column 1

warning: function /usr/share/octave/packages/nan-3.6.1/sumsq.m shadows a built-in function
warning: called from
    load_packages_and_dependencies at line 56 column 5
    load_packages at line 53 column 3
    pkg at line 588 column 7
    mlp_comite_sem_pca at line 17 column 1

warning: function /usr/share/octave/packages/nan-3.6.1/moment.m shadows a core library function
warning: called from
    load_packages_and_dependencies at line 56 column 5
    load_packages at line 53 column 3
    pkg at line 588 column 7
    mlp_comite_sem_pca at line 17 column 1

warning: function /usr/share/octave/packages/nan-3.6.1/corrcoef.m shadows a core library function
warning: called from
    load_packages_and_dependencies at line 56 column 5
    load_packages at line 53 column 3
    pkg at line 588 column 7
    mlp_comite_sem_pca at line 17 column 1

warning: function /usr/share/octave/packages/nan-3.6.1/quantile.m shadows a core library function
warning: called from
    load_packages_and_dependencies at line 56 column 5
    load_packages at line 53 column 3
    pkg at line 588 column 7
    mlp_comite_sem_pca at line 17 column 1

warning: function /usr/share/octave/packages/nan-3.6.1/ranks.m shadows a core library function
warning: called from
    load_packages_and_dependencies at line 56 column 5
    load_packages at line 53 column 3
    pkg at line 588 column 7
    mlp_comite_sem_pca at line 17 column 1

warning: function /usr/share/octave/packages/nan-3.6.1/spearman.m shadows a core library function
warning: called from
    load_packages_and_dependencies at line 56 column 5
    load_packages at line 53 column 3
    pkg at line 588 column 7
    mlp_comite_sem_pca at line 17 column 1

warning: function /usr/share/octave/packages/nan-3.6.1/zscore.m shadows a core library function
warning: called from
    load_packages_and_dependencies at line 56 column 5
    load_packages at line 53 column 3
    pkg at line 588 column 7
    mlp_comite_sem_pca at line 17 column 1

warning: function /usr/share/octave/packages/nan-3.6.1/range.m shadows a core library function
warning: called from
    load_packages_and_dependencies at line 56 column 5
    load_packages at line 53 column 3
    pkg at line 588 column 7
    mlp_comite_sem_pca at line 17 column 1

warning: function /usr/share/octave/packages/nan-3.6.1/var.m shadows a core library function
warning: called from
    load_packages_and_dependencies at line 56 column 5
    load_packages at line 53 column 3
    pkg at line 588 column 7
    mlp_comite_sem_pca at line 17 column 1

warning: function /usr/share/octave/packages/nan-3.6.1/mean.m shadows a core library function
warning: called from
    load_packages_and_dependencies at line 56 column 5
    load_packages at line 53 column 3
    pkg at line 588 column 7
    mlp_comite_sem_pca at line 17 column 1

warning: function /usr/share/octave/packages/nan-3.6.1/std.m shadows a core library function
warning: called from
    load_packages_and_dependencies at line 56 column 5
    load_packages at line 53 column 3
    pkg at line 588 column 7
    mlp_comite_sem_pca at line 17 column 1

warning: function /usr/share/octave/packages/nan-3.6.1/cov.m shadows a core library function
warning: called from
    load_packages_and_dependencies at line 56 column 5
    load_packages at line 53 column 3
    pkg at line 588 column 7
    mlp_comite_sem_pca at line 17 column 1

warning: function /usr/share/octave/packages/nan-3.6.1/detrend.m shadows a core library function
warning: called from
    load_packages_and_dependencies at line 56 column 5
    load_packages at line 53 column 3
    pkg at line 588 column 7
    mlp_comite_sem_pca at line 17 column 1

warning: function /usr/share/octave/packages/nan-3.6.1/median.m shadows a core library function
warning: called from
    load_packages_and_dependencies at line 56 column 5
    load_packages at line 53 column 3
    pkg at line 588 column 7
    mlp_comite_sem_pca at line 17 column 1

warning: function /usr/share/octave/packages/nan-3.6.1/iqr.m shadows a core library function
warning: called from
    load_packages_and_dependencies at line 56 column 5
    load_packages at line 53 column 3
    pkg at line 588 column 7
    mlp_comite_sem_pca at line 17 column 1

warning: function /usr/share/octave/packages/nan-3.6.1/prctile.m shadows a core library function
warning: called from
    load_packages_and_dependencies at line 56 column 5
    load_packages at line 53 column 3
    pkg at line 588 column 7
    mlp_comite_sem_pca at line 17 column 1

warning: function /usr/share/octave/packages/nan-3.6.1/mad.m shadows a core library function
warning: called from
    load_packages_and_dependencies at line 56 column 5
    load_packages at line 53 column 3
    pkg at line 588 column 7
    mlp_comite_sem_pca at line 17 column 1

warning: function /usr/share/octave/packages/nan-3.6.1/skewness.m shadows a core library function
warning: called from
    load_packages_and_dependencies at line 56 column 5
    load_packages at line 53 column 3
    pkg at line 588 column 7
    mlp_comite_sem_pca at line 17 column 1

maquina = 1
Nh = 80
Repeticao = 1
Repeticao = 2
Repeticao = 3
maquina = 2
Nh = 83
Repeticao = 1
Repeticao = 2
Repeticao = 3
maquina = 3
Nh = 88
Repeticao = 1
Repeticao = 2
Repeticao = 3
maquina = 4
Nh = 2
Repeticao = 1
Repeticao = 2
Repeticao = 3
maquina = 5
Nh = 63
Repeticao = 1
Repeticao = 2
Repeticao = 3
maquina = 6
Nh = 84
Repeticao = 1
Repeticao = 2
Repeticao = 3
maquina = 7
Nh = 1
Repeticao = 1
Repeticao = 2
Repeticao = 3
maquina = 8
Nh = 17
Repeticao = 1
Repeticao = 2
Repeticao = 3
maquina = 9
Nh = 23
Repeticao = 1
Repeticao = 2
Repeticao = 3
maquina = 10
Nh = 79
Repeticao = 1
Repeticao = 2
Repeticao = 3
maquina = 11
Nh = 11
Repeticao = 1
Repeticao = 2
Repeticao = 3
maquina = 12
Nh = 85
Repeticao = 1
Repeticao = 2
Repeticao = 3
maquina = 13
Nh = 32
Repeticao = 1
Repeticao = 2
Repeticao = 3
maquina = 14
Nh = 88
Repeticao = 1
Repeticao = 2
Repeticao = 3
maquina = 15
Nh = 79
Repeticao = 1
Repeticao = 2
Repeticao = 3
maquina = 16
Nh = 79
Repeticao = 1
Repeticao = 2
Repeticao = 3
maquina = 17
Nh = 1
Repeticao = 1
Repeticao = 2
Repeticao = 3
maquina = 18
Nh = 60
Repeticao = 1
Repeticao = 2
Repeticao = 3
maquina = 19
Nh = 49
Repeticao = 1
Repeticao = 2
Repeticao = 3
maquina = 20
Nh = 80
Repeticao = 1
Repeticao = 2
Repeticao = 3
maquina = 21
Nh = 58
Repeticao = 1
Repeticao = 2
Repeticao = 3
maquina = 22
Nh = 78
Repeticao = 1
Repeticao = 2
Repeticao = 3
maquina = 23
Nh = 16
Repeticao = 1
Repeticao = 2
Repeticao = 3
maquina = 24
Nh = 61
Repeticao = 1
Repeticao = 2
Repeticao = 3
maquina = 25
Nh = 84
Repeticao = 1
Repeticao = 2
Repeticao = 3
RESULTADOS = [](0x0)
elapsed_time = 3.7828e+04
STATS =

   97.330      NaN   97.330   97.330   97.330

