warning: function /usr/share/octave/packages/nan-3.6.1/center.m shadows a core library function
warning: called from
    load_packages_and_dependencies at line 56 column 5
    load_packages at line 53 column 3
    pkg at line 588 column 7
    mlp_comite_sem_pca at line 17 column 1

warning: function /usr/share/octave/packages/nan-3.6.1/kurtosis.m shadows a core library function
warning: called from
    load_packages_and_dependencies at line 56 column 5
    load_packages at line 53 column 3
    pkg at line 588 column 7
    mlp_comite_sem_pca at line 17 column 1

warning: function /usr/share/octave/packages/nan-3.6.1/meansq.m shadows a core library function
warning: called from
    load_packages_and_dependencies at line 56 column 5
    load_packages at line 53 column 3
    pkg at line 588 column 7
    mlp_comite_sem_pca at line 17 column 1

warning: function /usr/share/octave/packages/nan-3.6.1/sumsq.m shadows a built-in function
warning: called from
    load_packages_and_dependencies at line 56 column 5
    load_packages at line 53 column 3
    pkg at line 588 column 7
    mlp_comite_sem_pca at line 17 column 1

warning: function /usr/share/octave/packages/nan-3.6.1/moment.m shadows a core library function
warning: called from
    load_packages_and_dependencies at line 56 column 5
    load_packages at line 53 column 3
    pkg at line 588 column 7
    mlp_comite_sem_pca at line 17 column 1

warning: function /usr/share/octave/packages/nan-3.6.1/corrcoef.m shadows a core library function
warning: called from
    load_packages_and_dependencies at line 56 column 5
    load_packages at line 53 column 3
    pkg at line 588 column 7
    mlp_comite_sem_pca at line 17 column 1

warning: function /usr/share/octave/packages/nan-3.6.1/quantile.m shadows a core library function
warning: called from
    load_packages_and_dependencies at line 56 column 5
    load_packages at line 53 column 3
    pkg at line 588 column 7
    mlp_comite_sem_pca at line 17 column 1

warning: function /usr/share/octave/packages/nan-3.6.1/ranks.m shadows a core library function
warning: called from
    load_packages_and_dependencies at line 56 column 5
    load_packages at line 53 column 3
    pkg at line 588 column 7
    mlp_comite_sem_pca at line 17 column 1

warning: function /usr/share/octave/packages/nan-3.6.1/spearman.m shadows a core library function
warning: called from
    load_packages_and_dependencies at line 56 column 5
    load_packages at line 53 column 3
    pkg at line 588 column 7
    mlp_comite_sem_pca at line 17 column 1

warning: function /usr/share/octave/packages/nan-3.6.1/zscore.m shadows a core library function
warning: called from
    load_packages_and_dependencies at line 56 column 5
    load_packages at line 53 column 3
    pkg at line 588 column 7
    mlp_comite_sem_pca at line 17 column 1

warning: function /usr/share/octave/packages/nan-3.6.1/range.m shadows a core library function
warning: called from
    load_packages_and_dependencies at line 56 column 5
    load_packages at line 53 column 3
    pkg at line 588 column 7
    mlp_comite_sem_pca at line 17 column 1

warning: function /usr/share/octave/packages/nan-3.6.1/var.m shadows a core library function
warning: called from
    load_packages_and_dependencies at line 56 column 5
    load_packages at line 53 column 3
    pkg at line 588 column 7
    mlp_comite_sem_pca at line 17 column 1

warning: function /usr/share/octave/packages/nan-3.6.1/mean.m shadows a core library function
warning: called from
    load_packages_and_dependencies at line 56 column 5
    load_packages at line 53 column 3
    pkg at line 588 column 7
    mlp_comite_sem_pca at line 17 column 1

warning: function /usr/share/octave/packages/nan-3.6.1/std.m shadows a core library function
warning: called from
    load_packages_and_dependencies at line 56 column 5
    load_packages at line 53 column 3
    pkg at line 588 column 7
    mlp_comite_sem_pca at line 17 column 1

warning: function /usr/share/octave/packages/nan-3.6.1/cov.m shadows a core library function
warning: called from
    load_packages_and_dependencies at line 56 column 5
    load_packages at line 53 column 3
    pkg at line 588 column 7
    mlp_comite_sem_pca at line 17 column 1

warning: function /usr/share/octave/packages/nan-3.6.1/detrend.m shadows a core library function
warning: called from
    load_packages_and_dependencies at line 56 column 5
    load_packages at line 53 column 3
    pkg at line 588 column 7
    mlp_comite_sem_pca at line 17 column 1

warning: function /usr/share/octave/packages/nan-3.6.1/median.m shadows a core library function
warning: called from
    load_packages_and_dependencies at line 56 column 5
    load_packages at line 53 column 3
    pkg at line 588 column 7
    mlp_comite_sem_pca at line 17 column 1

warning: function /usr/share/octave/packages/nan-3.6.1/iqr.m shadows a core library function
warning: called from
    load_packages_and_dependencies at line 56 column 5
    load_packages at line 53 column 3
    pkg at line 588 column 7
    mlp_comite_sem_pca at line 17 column 1

warning: function /usr/share/octave/packages/nan-3.6.1/prctile.m shadows a core library function
warning: called from
    load_packages_and_dependencies at line 56 column 5
    load_packages at line 53 column 3
    pkg at line 588 column 7
    mlp_comite_sem_pca at line 17 column 1

warning: function /usr/share/octave/packages/nan-3.6.1/mad.m shadows a core library function
warning: called from
    load_packages_and_dependencies at line 56 column 5
    load_packages at line 53 column 3
    pkg at line 588 column 7
    mlp_comite_sem_pca at line 17 column 1

warning: function /usr/share/octave/packages/nan-3.6.1/skewness.m shadows a core library function
warning: called from
    load_packages_and_dependencies at line 56 column 5
    load_packages at line 53 column 3
    pkg at line 588 column 7
    mlp_comite_sem_pca at line 17 column 1

maquina = 1
Nh = 125
Repeticao = 1
maquina = 2
Nh = 113
Repeticao = 1
maquina = 3
Nh = 211
Repeticao = 1
maquina = 4
Nh = 358
Repeticao = 1
maquina = 5
Nh = 296
Repeticao = 1
maquina = 6
Nh = 245
Repeticao = 1
maquina = 7
Nh = 100
Repeticao = 1
maquina = 8
Nh = 369
Repeticao = 1
maquina = 9
Nh = 302
Repeticao = 1
maquina = 10
Nh = 209
Repeticao = 1
maquina = 11
Nh = 189
Repeticao = 1
maquina = 12
Nh = 267
Repeticao = 1
maquina = 13
Nh = 175
Repeticao = 1
maquina = 14
Nh = 237
Repeticao = 1
maquina = 15
Nh = 146
Repeticao = 1
maquina = 16
Nh = 363
Repeticao = 1
maquina = 17
Nh = 183
Repeticao = 1
maquina = 18
Nh = 363
Repeticao = 1
maquina = 19
Nh = 144
Repeticao = 1
maquina = 20
Nh = 333
Repeticao = 1
maquina = 21
Nh = 321
Repeticao = 1
maquina = 22
Nh = 229
Repeticao = 1
