warning: function /usr/share/octave/packages/nan-3.6.1/center.m shadows a core library function
warning: called from
    load_packages_and_dependencies at line 56 column 5
    load_packages at line 53 column 3
    pkg at line 588 column 7
    ps_sem_pca at line 8 column 1

warning: function /usr/share/octave/packages/nan-3.6.1/kurtosis.m shadows a core library function
warning: called from
    load_packages_and_dependencies at line 56 column 5
    load_packages at line 53 column 3
    pkg at line 588 column 7
    ps_sem_pca at line 8 column 1

warning: function /usr/share/octave/packages/nan-3.6.1/meansq.m shadows a core library function
warning: called from
    load_packages_and_dependencies at line 56 column 5
    load_packages at line 53 column 3
    pkg at line 588 column 7
    ps_sem_pca at line 8 column 1

warning: function /usr/share/octave/packages/nan-3.6.1/sumsq.m shadows a built-in function
warning: called from
    load_packages_and_dependencies at line 56 column 5
    load_packages at line 53 column 3
    pkg at line 588 column 7
    ps_sem_pca at line 8 column 1

warning: function /usr/share/octave/packages/nan-3.6.1/moment.m shadows a core library function
warning: called from
    load_packages_and_dependencies at line 56 column 5
    load_packages at line 53 column 3
    pkg at line 588 column 7
    ps_sem_pca at line 8 column 1

warning: function /usr/share/octave/packages/nan-3.6.1/corrcoef.m shadows a core library function
warning: called from
    load_packages_and_dependencies at line 56 column 5
    load_packages at line 53 column 3
    pkg at line 588 column 7
    ps_sem_pca at line 8 column 1

warning: function /usr/share/octave/packages/nan-3.6.1/quantile.m shadows a core library function
warning: called from
    load_packages_and_dependencies at line 56 column 5
    load_packages at line 53 column 3
    pkg at line 588 column 7
    ps_sem_pca at line 8 column 1

warning: function /usr/share/octave/packages/nan-3.6.1/ranks.m shadows a core library function
warning: called from
    load_packages_and_dependencies at line 56 column 5
    load_packages at line 53 column 3
    pkg at line 588 column 7
    ps_sem_pca at line 8 column 1

warning: function /usr/share/octave/packages/nan-3.6.1/spearman.m shadows a core library function
warning: called from
    load_packages_and_dependencies at line 56 column 5
    load_packages at line 53 column 3
    pkg at line 588 column 7
    ps_sem_pca at line 8 column 1

warning: function /usr/share/octave/packages/nan-3.6.1/zscore.m shadows a core library function
warning: called from
    load_packages_and_dependencies at line 56 column 5
    load_packages at line 53 column 3
    pkg at line 588 column 7
    ps_sem_pca at line 8 column 1

warning: function /usr/share/octave/packages/nan-3.6.1/range.m shadows a core library function
warning: called from
    load_packages_and_dependencies at line 56 column 5
    load_packages at line 53 column 3
    pkg at line 588 column 7
    ps_sem_pca at line 8 column 1

warning: function /usr/share/octave/packages/nan-3.6.1/var.m shadows a core library function
warning: called from
    load_packages_and_dependencies at line 56 column 5
    load_packages at line 53 column 3
    pkg at line 588 column 7
    ps_sem_pca at line 8 column 1

warning: function /usr/share/octave/packages/nan-3.6.1/mean.m shadows a core library function
warning: called from
    load_packages_and_dependencies at line 56 column 5
    load_packages at line 53 column 3
    pkg at line 588 column 7
    ps_sem_pca at line 8 column 1

warning: function /usr/share/octave/packages/nan-3.6.1/std.m shadows a core library function
warning: called from
    load_packages_and_dependencies at line 56 column 5
    load_packages at line 53 column 3
    pkg at line 588 column 7
    ps_sem_pca at line 8 column 1

warning: function /usr/share/octave/packages/nan-3.6.1/cov.m shadows a core library function
warning: called from
    load_packages_and_dependencies at line 56 column 5
    load_packages at line 53 column 3
    pkg at line 588 column 7
    ps_sem_pca at line 8 column 1

warning: function /usr/share/octave/packages/nan-3.6.1/detrend.m shadows a core library function
warning: called from
    load_packages_and_dependencies at line 56 column 5
    load_packages at line 53 column 3
    pkg at line 588 column 7
    ps_sem_pca at line 8 column 1

warning: function /usr/share/octave/packages/nan-3.6.1/median.m shadows a core library function
warning: called from
    load_packages_and_dependencies at line 56 column 5
    load_packages at line 53 column 3
    pkg at line 588 column 7
    ps_sem_pca at line 8 column 1

warning: function /usr/share/octave/packages/nan-3.6.1/iqr.m shadows a core library function
warning: called from
    load_packages_and_dependencies at line 56 column 5
    load_packages at line 53 column 3
    pkg at line 588 column 7
    ps_sem_pca at line 8 column 1

warning: function /usr/share/octave/packages/nan-3.6.1/prctile.m shadows a core library function
warning: called from
    load_packages_and_dependencies at line 56 column 5
    load_packages at line 53 column 3
    pkg at line 588 column 7
    ps_sem_pca at line 8 column 1

warning: function /usr/share/octave/packages/nan-3.6.1/mad.m shadows a core library function
warning: called from
    load_packages_and_dependencies at line 56 column 5
    load_packages at line 53 column 3
    pkg at line 588 column 7
    ps_sem_pca at line 8 column 1

warning: function /usr/share/octave/packages/nan-3.6.1/skewness.m shadows a core library function
warning: called from
    load_packages_and_dependencies at line 56 column 5
    load_packages at line 53 column 3
    pkg at line 588 column 7
    ps_sem_pca at line 8 column 1

Epoca = 1
Epoca = 2
Epoca = 3
Epoca = 4
Epoca = 5
Epoca = 6
Epoca = 7
Epoca = 8
Epoca = 9
Epoca = 10
Epoca = 11
Epoca = 12
Epoca = 13
Epoca = 14
Epoca = 15
Epoca = 16
Epoca = 17
Epoca = 18
Epoca = 19
Epoca = 20
Epoca = 21
Epoca = 22
Epoca = 23
Epoca = 24
Epoca = 25
Epoca = 26
Epoca = 27
Epoca = 28
Epoca = 29
Epoca = 30
Epoca = 31
Epoca = 32
Epoca = 33
Epoca = 34
Epoca = 35
Epoca = 36
Epoca = 37
Epoca = 38
Epoca = 39
Epoca = 40
Epoca = 41
Epoca = 42
Epoca = 43
Epoca = 44
Epoca = 45
Epoca = 46
Epoca = 47
Epoca = 48
Epoca = 49
Epoca = 50
Epoca = 51
Epoca = 52
Epoca = 53
Epoca = 54
Epoca = 55
Epoca = 56
Epoca = 57
Epoca = 58
Epoca = 59
Epoca = 60
Epoca = 61
Epoca = 62
Epoca = 63
Epoca = 64
Epoca = 65
Epoca = 66
Epoca = 67
Epoca = 68
Epoca = 69
Epoca = 70
Epoca = 71
Epoca = 72
Epoca = 73
Epoca = 74
Epoca = 75
Epoca = 76
Epoca = 77
Epoca = 78
Epoca = 79
Epoca = 80
Epoca = 81
Epoca = 82
Epoca = 83
Epoca = 84
Epoca = 85
Epoca = 86
Epoca = 87
Epoca = 88
Epoca = 89
Epoca = 90
Epoca = 91
Epoca = 92
Epoca = 93
Epoca = 94
Epoca = 95
Epoca = 96
Epoca = 97
Epoca = 98
Epoca = 99
Epoca = 100
Epoca = 101
Epoca = 102
Epoca = 103
Epoca = 104
Epoca = 105
Epoca = 106
Epoca = 107
Epoca = 108
Epoca = 109
Epoca = 110
Epoca = 111
Epoca = 112
Epoca = 113
Epoca = 114
Epoca = 115
Epoca = 116
Epoca = 117
Epoca = 118
Epoca = 119
Epoca = 120
Epoca = 121
Epoca = 122
Epoca = 123
Epoca = 124
Epoca = 125
Epoca = 126
Epoca = 127
Epoca = 128
Epoca = 129
Epoca = 130
Epoca = 131
Epoca = 132
Epoca = 133
Epoca = 134
Epoca = 135
Epoca = 136
Epoca = 137
Epoca = 138
Epoca = 139
Epoca = 140
Epoca = 141
Epoca = 142
Epoca = 143
Epoca = 144
Epoca = 145
Epoca = 146
Epoca = 147
Epoca = 148
Epoca = 149
Epoca = 150
Epoca = 151
Epoca = 152
Epoca = 153
Epoca = 154
Epoca = 155
Epoca = 156
Epoca = 157
Epoca = 158
Epoca = 159
Epoca = 160
Epoca = 161
Epoca = 162
Epoca = 163
Epoca = 164
Epoca = 165
Epoca = 166
Epoca = 167
Epoca = 168
Epoca = 169
Epoca = 170
Epoca = 171
Epoca = 172
Epoca = 173
Epoca = 174
Epoca = 175
Epoca = 176
Epoca = 177
Epoca = 178
Epoca = 179
Epoca = 180
Epoca = 181
Epoca = 182
Epoca = 183
Epoca = 184
Epoca = 185
Epoca = 186
Epoca = 187
Epoca = 188
Epoca = 189
Epoca = 190
Epoca = 191
Epoca = 192
Epoca = 193
Epoca = 194
Epoca = 195
Epoca = 196
Epoca = 197
Epoca = 198
Epoca = 199
Epoca = 200
Epoca = 201
Epoca = 202
Epoca = 203
Epoca = 204
Epoca = 205
Epoca = 206
Epoca = 207
Epoca = 208
Epoca = 209
Epoca = 210
Epoca = 211
Epoca = 212
Epoca = 213
Epoca = 214
Epoca = 215
Epoca = 216
Epoca = 217
Epoca = 218
Epoca = 219
Epoca = 220
Epoca = 221
Epoca = 222
Epoca = 223
Epoca = 224
Epoca = 225
Epoca = 226
Epoca = 227
Epoca = 228
Epoca = 229
Epoca = 230
Epoca = 231
Epoca = 232
Epoca = 233
Epoca = 234
Epoca = 235
Epoca = 236
Epoca = 237
Epoca = 238
Epoca = 239
Epoca = 240
Epoca = 241
Epoca = 242
Epoca = 243
Epoca = 244
Epoca = 245
Epoca = 246
Epoca = 247
Epoca = 248
Epoca = 249
Epoca = 250
Epoca = 251
Epoca = 252
Epoca = 253
Epoca = 254
Epoca = 255
Epoca = 256
Epoca = 257
Epoca = 258
Epoca = 259
Epoca = 260
Epoca = 261
Epoca = 262
Epoca = 263
Epoca = 264
Epoca = 265
Epoca = 266
Epoca = 267
Epoca = 268
Epoca = 269
Epoca = 270
Epoca = 271
Epoca = 272
Epoca = 273
Epoca = 274
Epoca = 275
Epoca = 276
Epoca = 277
Epoca = 278
Epoca = 279
Epoca = 280
Epoca = 281
Epoca = 282
Epoca = 283
Epoca = 284
Epoca = 285
Epoca = 286
Epoca = 287
Epoca = 288
Epoca = 289
Epoca = 290
Epoca = 291
Epoca = 292
Epoca = 293
Epoca = 294
Epoca = 295
Epoca = 296
Epoca = 297
Epoca = 298
Epoca = 299
Epoca = 300
Epoca = 301
Epoca = 302
Epoca = 303
Epoca = 304
Epoca = 305
Epoca = 306
Epoca = 307
Epoca = 308
Epoca = 309
Epoca = 310
Epoca = 311
Epoca = 312
Epoca = 313
Epoca = 314
Epoca = 315
Epoca = 316
Epoca = 317
Epoca = 318
Epoca = 319
Epoca = 320
Epoca = 321
Epoca = 322
Epoca = 323
Epoca = 324
Epoca = 325
Epoca = 326
Epoca = 327
Epoca = 328
Epoca = 329
Epoca = 330
Epoca = 331
Epoca = 332
Epoca = 333
Epoca = 334
Epoca = 335
Epoca = 336
Epoca = 337
Epoca = 338
Epoca = 339
Epoca = 340
Epoca = 341
Epoca = 342
Epoca = 343
Epoca = 344
Epoca = 345
Epoca = 346
Epoca = 347
Epoca = 348
Epoca = 349
Epoca = 350
Epoca = 351
Epoca = 352
Epoca = 353
Epoca = 354
Epoca = 355
Epoca = 356
Epoca = 357
Epoca = 358
Epoca = 359
Epoca = 360
Epoca = 361
Epoca = 362
Epoca = 363
Epoca = 364
Epoca = 365
Epoca = 366
Epoca = 367
Epoca = 368
Epoca = 369
Epoca = 370
Epoca = 371
Epoca = 372
Epoca = 373
Epoca = 374
Epoca = 375
Epoca = 376
Epoca = 377
Epoca = 378
Epoca = 379
Epoca = 380
Epoca = 381
Epoca = 382
Epoca = 383
Epoca = 384
Epoca = 385
Epoca = 386
Epoca = 387
Epoca = 388
Epoca = 389
Epoca = 390
Epoca = 391
Epoca = 392
Epoca = 393
Epoca = 394
Epoca = 395
Epoca = 396
Epoca = 397
Epoca = 398
Epoca = 399
Epoca = 400
Epoca = 401
Epoca = 402
Epoca = 403
Epoca = 404
Epoca = 405
Epoca = 406
Epoca = 407
Epoca = 408
Epoca = 409
Epoca = 410
Epoca = 411
Epoca = 412
Epoca = 413
Epoca = 414
Epoca = 415
Epoca = 416
Epoca = 417
Epoca = 418
Epoca = 419
Epoca = 420
Epoca = 421
Epoca = 422
Epoca = 423
Epoca = 424
Epoca = 425
Epoca = 426
Epoca = 427
Epoca = 428
Epoca = 429
Epoca = 430
Epoca = 431
Epoca = 432
Epoca = 433
Epoca = 434
Epoca = 435
Epoca = 436
Epoca = 437
Epoca = 438
Epoca = 439
Epoca = 440
Epoca = 441
Epoca = 442
Epoca = 443
Epoca = 444
Epoca = 445
Epoca = 446
Epoca = 447
Epoca = 448
Epoca = 449
Epoca = 450
Epoca = 451
Epoca = 452
Epoca = 453
Epoca = 454
Epoca = 455
Epoca = 456
Epoca = 457
Epoca = 458
Epoca = 459
Epoca = 460
Epoca = 461
Epoca = 462
Epoca = 463
Epoca = 464
Epoca = 465
Epoca = 466
Epoca = 467
Epoca = 468
Epoca = 469
Epoca = 470
Epoca = 471
Epoca = 472
Epoca = 473
Epoca = 474
Epoca = 475
Epoca = 476
Epoca = 477
Epoca = 478
Epoca = 479
Epoca = 480
Epoca = 481
Epoca = 482
Epoca = 483
Epoca = 484
Epoca = 485
Epoca = 486
Epoca = 487
Epoca = 488
Epoca = 489
Epoca = 490
Epoca = 491
Epoca = 492
Epoca = 493
Epoca = 494
Epoca = 495
Epoca = 496
Epoca = 497
Epoca = 498
Epoca = 499
Epoca = 500
elapsed_time = 7026.3
Nerros_pos = 554
Nerros_neg = 409
Nacertos = 9038
Perros_pos = 5.5394
Perros_neg = 4.0896
Pacertos = 90.371
