warning: function /usr/share/octave/packages/nan-3.6.1/center.m shadows a core library function
warning: called from
    load_packages_and_dependencies at line 56 column 5
    load_packages at line 53 column 3
    pkg at line 588 column 7
    mlp_comite_com_pca at line 17 column 1

warning: function /usr/share/octave/packages/nan-3.6.1/kurtosis.m shadows a core library function
warning: called from
    load_packages_and_dependencies at line 56 column 5
    load_packages at line 53 column 3
    pkg at line 588 column 7
    mlp_comite_com_pca at line 17 column 1

warning: function /usr/share/octave/packages/nan-3.6.1/meansq.m shadows a core library function
warning: called from
    load_packages_and_dependencies at line 56 column 5
    load_packages at line 53 column 3
    pkg at line 588 column 7
    mlp_comite_com_pca at line 17 column 1

warning: function /usr/share/octave/packages/nan-3.6.1/sumsq.m shadows a built-in function
warning: called from
    load_packages_and_dependencies at line 56 column 5
    load_packages at line 53 column 3
    pkg at line 588 column 7
    mlp_comite_com_pca at line 17 column 1

warning: function /usr/share/octave/packages/nan-3.6.1/moment.m shadows a core library function
warning: called from
    load_packages_and_dependencies at line 56 column 5
    load_packages at line 53 column 3
    pkg at line 588 column 7
    mlp_comite_com_pca at line 17 column 1

warning: function /usr/share/octave/packages/nan-3.6.1/corrcoef.m shadows a core library function
warning: called from
    load_packages_and_dependencies at line 56 column 5
    load_packages at line 53 column 3
    pkg at line 588 column 7
    mlp_comite_com_pca at line 17 column 1

warning: function /usr/share/octave/packages/nan-3.6.1/quantile.m shadows a core library function
warning: called from
    load_packages_and_dependencies at line 56 column 5
    load_packages at line 53 column 3
    pkg at line 588 column 7
    mlp_comite_com_pca at line 17 column 1

warning: function /usr/share/octave/packages/nan-3.6.1/ranks.m shadows a core library function
warning: called from
    load_packages_and_dependencies at line 56 column 5
    load_packages at line 53 column 3
    pkg at line 588 column 7
    mlp_comite_com_pca at line 17 column 1

warning: function /usr/share/octave/packages/nan-3.6.1/spearman.m shadows a core library function
warning: called from
    load_packages_and_dependencies at line 56 column 5
    load_packages at line 53 column 3
    pkg at line 588 column 7
    mlp_comite_com_pca at line 17 column 1

warning: function /usr/share/octave/packages/nan-3.6.1/zscore.m shadows a core library function
warning: called from
    load_packages_and_dependencies at line 56 column 5
    load_packages at line 53 column 3
    pkg at line 588 column 7
    mlp_comite_com_pca at line 17 column 1

warning: function /usr/share/octave/packages/nan-3.6.1/range.m shadows a core library function
warning: called from
    load_packages_and_dependencies at line 56 column 5
    load_packages at line 53 column 3
    pkg at line 588 column 7
    mlp_comite_com_pca at line 17 column 1

warning: function /usr/share/octave/packages/nan-3.6.1/var.m shadows a core library function
warning: called from
    load_packages_and_dependencies at line 56 column 5
    load_packages at line 53 column 3
    pkg at line 588 column 7
    mlp_comite_com_pca at line 17 column 1

warning: function /usr/share/octave/packages/nan-3.6.1/mean.m shadows a core library function
warning: called from
    load_packages_and_dependencies at line 56 column 5
    load_packages at line 53 column 3
    pkg at line 588 column 7
    mlp_comite_com_pca at line 17 column 1

warning: function /usr/share/octave/packages/nan-3.6.1/std.m shadows a core library function
warning: called from
    load_packages_and_dependencies at line 56 column 5
    load_packages at line 53 column 3
    pkg at line 588 column 7
    mlp_comite_com_pca at line 17 column 1

warning: function /usr/share/octave/packages/nan-3.6.1/cov.m shadows a core library function
warning: called from
    load_packages_and_dependencies at line 56 column 5
    load_packages at line 53 column 3
    pkg at line 588 column 7
    mlp_comite_com_pca at line 17 column 1

warning: function /usr/share/octave/packages/nan-3.6.1/detrend.m shadows a core library function
warning: called from
    load_packages_and_dependencies at line 56 column 5
    load_packages at line 53 column 3
    pkg at line 588 column 7
    mlp_comite_com_pca at line 17 column 1

warning: function /usr/share/octave/packages/nan-3.6.1/median.m shadows a core library function
warning: called from
    load_packages_and_dependencies at line 56 column 5
    load_packages at line 53 column 3
    pkg at line 588 column 7
    mlp_comite_com_pca at line 17 column 1

warning: function /usr/share/octave/packages/nan-3.6.1/iqr.m shadows a core library function
warning: called from
    load_packages_and_dependencies at line 56 column 5
    load_packages at line 53 column 3
    pkg at line 588 column 7
    mlp_comite_com_pca at line 17 column 1

warning: function /usr/share/octave/packages/nan-3.6.1/prctile.m shadows a core library function
warning: called from
    load_packages_and_dependencies at line 56 column 5
    load_packages at line 53 column 3
    pkg at line 588 column 7
    mlp_comite_com_pca at line 17 column 1

warning: function /usr/share/octave/packages/nan-3.6.1/mad.m shadows a core library function
warning: called from
    load_packages_and_dependencies at line 56 column 5
    load_packages at line 53 column 3
    pkg at line 588 column 7
    mlp_comite_com_pca at line 17 column 1

warning: function /usr/share/octave/packages/nan-3.6.1/skewness.m shadows a core library function
warning: called from
    load_packages_and_dependencies at line 56 column 5
    load_packages at line 53 column 3
    pkg at line 588 column 7
    mlp_comite_com_pca at line 17 column 1

maquina = 1
Nh = 1
Repeticao = 1
Repeticao = 2
Repeticao = 3
maquina = 2
Nh = 73
Repeticao = 1
Repeticao = 2
Repeticao = 3
maquina = 3
Nh = 79
Repeticao = 1
Repeticao = 2
Repeticao = 3
maquina = 4
Nh = 93
Repeticao = 1
Repeticao = 2
Repeticao = 3
maquina = 5
Nh = 96
Repeticao = 1
Repeticao = 2
Repeticao = 3
maquina = 6
Nh = 66
Repeticao = 1
Repeticao = 2
Repeticao = 3
maquina = 7
Nh = 71
Repeticao = 1
Repeticao = 2
Repeticao = 3
maquina = 8
Nh = 78
Repeticao = 1
Repeticao = 2
Repeticao = 3
maquina = 9
Nh = 10
Repeticao = 1
Repeticao = 2
Repeticao = 3
maquina = 10
Nh = 34
Repeticao = 1
Repeticao = 2
Repeticao = 3
maquina = 11
Nh = 83
Repeticao = 1
Repeticao = 2
Repeticao = 3
maquina = 12
Nh = 39
Repeticao = 1
Repeticao = 2
Repeticao = 3
maquina = 13
Nh = 41
Repeticao = 1
Repeticao = 2
Repeticao = 3
maquina = 14
Nh = 64
Repeticao = 1
Repeticao = 2
Repeticao = 3
maquina = 15
Nh = 18
Repeticao = 1
Repeticao = 2
Repeticao = 3
maquina = 16
Nh = 89
Repeticao = 1
Repeticao = 2
Repeticao = 3
maquina = 17
Nh = 64
Repeticao = 1
Repeticao = 2
Repeticao = 3
maquina = 18
Nh = 44
Repeticao = 1
Repeticao = 2
Repeticao = 3
maquina = 19
Nh = 11
Repeticao = 1
Repeticao = 2
Repeticao = 3
maquina = 20
Nh = 27
Repeticao = 1
Repeticao = 2
Repeticao = 3
maquina = 21
Nh = 29
Repeticao = 1
Repeticao = 2
Repeticao = 3
maquina = 22
Nh = 5
Repeticao = 1
Repeticao = 2
Repeticao = 3
maquina = 23
Nh = 76
Repeticao = 1
Repeticao = 2
Repeticao = 3
maquina = 24
Nh = 55
Repeticao = 1
Repeticao = 2
Repeticao = 3
maquina = 25
Nh = 17
Repeticao = 1
Repeticao = 2
Repeticao = 3
RESULTADOS = [](0x0)
elapsed_time = 3.6700e+04
STATS =

   33.197      NaN   33.197   33.197   33.197

